[0924/192359.744:ERROR:process_reader_win.cc(127)] NtOpenThread: {Acesso Negado} Um processo solicitou acesso a um objeto, mas o direito de acesso não lhe foi concedido. (0xc0000022)
[0924/192359.744:ERROR:process_reader_win.cc(127)] NtOpenThread: {Acesso Negado} Um processo solicitou acesso a um objeto, mas o direito de acesso não lhe foi concedido. (0xc0000022)
[0924/192359.915:ERROR:exception_snapshot_win.cc(100)] thread ID 17636 not found in process
[0924/192359.915:ERROR:exception_snapshot_win.cc(100)] thread ID 4564 not found in process
[0924/192359.751:ERROR:process_reader_win.cc(127)] NtOpenThread: {Acesso Negado} Um processo solicitou acesso a um objeto, mas o direito de acesso não lhe foi concedido. (0xc0000022)
[0924/192359.744:ERROR:process_reader_win.cc(127)] NtOpenThread: {Acesso Negado} Um processo solicitou acesso a um objeto, mas o direito de acesso não lhe foi concedido. (0xc0000022)
[0924/192359.916:ERROR:exception_snapshot_win.cc(100)] thread ID 11692 not found in process
[0924/192359.916:ERROR:exception_snapshot_win.cc(100)] thread ID 9132 not found in process
[1009/221401.768:ERROR:settings.cc(430)] Settings version is not 5
[1009/222401.790:ERROR:directory_reader_win.cc(43)] FindFirstFile: O sistema não pode encontrar o caminho especificado. (0x3)
[1010/192445.856:ERROR:directory_reader_win.cc(43)] FindFirstFile: O sistema não pode encontrar o caminho especificado. (0x3)
[1010/205303.377:ERROR:directory_reader_win.cc(43)] FindFirstFile: O sistema não pode encontrar o caminho especificado. (0x3)
[1011/205435.438:ERROR:directory_reader_win.cc(43)] FindFirstFile: O sistema não pode encontrar o caminho especificado. (0x3)
[1014/200806.634:ERROR:directory_reader_win.cc(43)] FindFirstFile: O sistema não pode encontrar o caminho especificado. (0x3)
[1019/201502.102:ERROR:directory_reader_win.cc(43)] FindFirstFile: O sistema não pode encontrar o caminho especificado. (0x3)
[1020/004520.055:ERROR:process_reader_win.cc(127)] NtOpenThread: {Acesso Negado} Um processo solicitou acesso a um objeto, mas o direito de acesso não lhe foi concedido. (0xc0000022)
[1020/004520.011:ERROR:process_reader_win.cc(127)] NtOpenThread: {Acesso Negado} Um processo solicitou acesso a um objeto, mas o direito de acesso não lhe foi concedido. (0xc0000022)
[1020/004520.024:ERROR:process_reader_win.cc(127)] NtOpenThread: {Acesso Negado} Um processo solicitou acesso a um objeto, mas o direito de acesso não lhe foi concedido. (0xc0000022)
[1020/004520.013:ERROR:process_reader_win.cc(127)] NtOpenThread: {Acesso Negado} Um processo solicitou acesso a um objeto, mas o direito de acesso não lhe foi concedido. (0xc0000022)
[1020/004520.067:ERROR:exception_snapshot_win.cc(100)] thread ID 4772 not found in process
[1020/004520.067:ERROR:exception_snapshot_win.cc(100)] thread ID 17024 not found in process
[1020/004520.067:ERROR:exception_snapshot_win.cc(100)] thread ID 5240 not found in process
[1020/004520.068:ERROR:exception_snapshot_win.cc(100)] thread ID 16568 not found in process
[1020/201247.695:ERROR:directory_reader_win.cc(43)] FindFirstFile: O sistema não pode encontrar o caminho especificado. (0x3)
[1022/063041.204:ERROR:directory_reader_win.cc(43)] FindFirstFile: O sistema não pode encontrar o caminho especificado. (0x3)
[1022/063041.284:ERROR:filesystem_win.cc(129)] GetFileAttributes C:\Users\Vinin\AppData\Local\Microsoft\Edge\User Data\Crashpad\attachments\f7ce5b8a-1638-4b7b-ab77-730b9d4d80f2: O sistema não pode encontrar o caminho especificado. (0x3)
[1022/063041.289:ERROR:filesystem_win.cc(129)] GetFileAttributes C:\Users\Vinin\AppData\Local\Microsoft\Edge\User Data\Crashpad\attachments\524bd067-0d5f-4258-878f-f6e09abc087e: O sistema não pode encontrar o caminho especificado. (0x3)
[1022/063041.292:ERROR:filesystem_win.cc(129)] GetFileAttributes C:\Users\Vinin\AppData\Local\Microsoft\Edge\User Data\Crashpad\attachments\0f9ff7e2-51c7-4a2c-8e16-6833d753b90e: O sistema não pode encontrar o caminho especificado. (0x3)
[1022/063041.296:ERROR:filesystem_win.cc(129)] GetFileAttributes C:\Users\Vinin\AppData\Local\Microsoft\Edge\User Data\Crashpad\attachments\ceca059b-a6ee-4208-866f-908bda20bdd4: O sistema não pode encontrar o caminho especificado. (0x3)
[1022/063041.330:ERROR:filesystem_win.cc(129)] GetFileAttributes C:\Users\Vinin\AppData\Local\Microsoft\Edge\User Data\Crashpad\attachments\96c90ee0-8488-4ceb-9027-c256b87fd13f: O sistema não pode encontrar o caminho especificado. (0x3)
[1022/063041.340:ERROR:filesystem_win.cc(129)] GetFileAttributes C:\Users\Vinin\AppData\Local\Microsoft\Edge\User Data\Crashpad\attachments\b8530905-4dd8-43bd-8c49-311c5a89770a: O sistema não pode encontrar o caminho especificado. (0x3)
[1022/063041.343:ERROR:filesystem_win.cc(129)] GetFileAttributes C:\Users\Vinin\AppData\Local\Microsoft\Edge\User Data\Crashpad\attachments\d553db29-19cb-41c5-ba38-5a1f8b17ad47: O sistema não pode encontrar o caminho especificado. (0x3)
[1022/063041.345:ERROR:filesystem_win.cc(129)] GetFileAttributes C:\Users\Vinin\AppData\Local\Microsoft\Edge\User Data\Crashpad\attachments\b5d020be-7f49-4a0f-a73c-5a45676849b7: O sistema não pode encontrar o caminho especificado. (0x3)
[1023/193649.383:ERROR:filesystem_win.cc(129)] GetFileAttributes C:\Users\Vinin\AppData\Local\Microsoft\Edge\User Data\Crashpad\attachments\5adba65a-83f3-4f9a-9c93-4f4cee1403b4: O sistema não pode encontrar o caminho especificado. (0x3)
[1023/193649.463:ERROR:filesystem_win.cc(129)] GetFileAttributes C:\Users\Vinin\AppData\Local\Microsoft\Edge\User Data\Crashpad\attachments\71aabf59-5014-4334-916e-6f260c25044c: O sistema não pode encontrar o caminho especificado. (0x3)
[1023/193649.479:ERROR:filesystem_win.cc(129)] GetFileAttributes C:\Users\Vinin\AppData\Local\Microsoft\Edge\User Data\Crashpad\attachments\76aa1b43-a00b-4024-861e-014b957ab6fd: O sistema não pode encontrar o caminho especificado. (0x3)
[1023/193649.482:ERROR:filesystem_win.cc(129)] GetFileAttributes C:\Users\Vinin\AppData\Local\Microsoft\Edge\User Data\Crashpad\attachments\9a4a4f92-ea70-4392-bbd1-3453b2fcd2cc: O sistema não pode encontrar o caminho especificado. (0x3)
[1023/193649.487:ERROR:directory_reader_win.cc(43)] FindFirstFile: O sistema não pode encontrar o caminho especificado. (0x3)
[1023/193649.497:ERROR:filesystem_win.cc(129)] GetFileAttributes C:\Users\Vinin\AppData\Local\Microsoft\Edge\User Data\Crashpad\attachments\2d1f4366-eb44-4ef7-8928-9c532efb2dc9: O sistema não pode encontrar o caminho especificado. (0x3)
[1023/193649.502:ERROR:filesystem_win.cc(129)] GetFileAttributes C:\Users\Vinin\AppData\Local\Microsoft\Edge\User Data\Crashpad\attachments\a81035e7-b4c7-4a54-bb59-8949dcb41ad9: O sistema não pode encontrar o caminho especificado. (0x3)
[1023/193649.507:ERROR:filesystem_win.cc(129)] GetFileAttributes C:\Users\Vinin\AppData\Local\Microsoft\Edge\User Data\Crashpad\attachments\d5aac50c-b095-4c03-9120-b7583e237de9: O sistema não pode encontrar o caminho especificado. (0x3)
[1023/193649.513:ERROR:filesystem_win.cc(129)] GetFileAttributes C:\Users\Vinin\AppData\Local\Microsoft\Edge\User Data\Crashpad\attachments\9cfccdf3-c035-4b7f-8504-7b76ad3f251d: O sistema não pode encontrar o caminho especificado. (0x3)
[1023/193649.517:ERROR:filesystem_win.cc(129)] GetFileAttributes C:\Users\Vinin\AppData\Local\Microsoft\Edge\User Data\Crashpad\attachments\3153698a-cefd-4736-ac31-a9b7f4fde08e: O sistema não pode encontrar o caminho especificado. (0x3)
[1023/193649.522:ERROR:filesystem_win.cc(129)] GetFileAttributes C:\Users\Vinin\AppData\Local\Microsoft\Edge\User Data\Crashpad\attachments\79113a1b-2f7c-43dc-a5e6-20537735a618: O sistema não pode encontrar o caminho especificado. (0x3)
[1023/193649.526:ERROR:filesystem_win.cc(129)] GetFileAttributes C:\Users\Vinin\AppData\Local\Microsoft\Edge\User Data\Crashpad\attachments\1b7da5cb-e901-41c6-a7ab-3b013c2f91e7: O sistema não pode encontrar o caminho especificado. (0x3)
[1023/193649.529:ERROR:filesystem_win.cc(129)] GetFileAttributes C:\Users\Vinin\AppData\Local\Microsoft\Edge\User Data\Crashpad\attachments\4bb338b7-555d-4cba-98fb-f878c4fc2d80: O sistema não pode encontrar o caminho especificado. (0x3)
